<?xml version="1.0" encoding="UTF-8"?>
<!-- Generated by org.testng.reporters.JUnitXMLReporter -->
<testsuite ignored="2" hostname="CSAINT" failures="1" tests="1" name="testNG" time="10.706" errors="0" timestamp="2022-12-05T20:42:54 EST">
  <testcase classname="com.paraBanking.TestLayer.TC_01_PB_Registration" name="ValidData" time="3.813">
    <failure type="java.lang.AssertionError" message="expected [true] but found [false]">
      <![CDATA[java.lang.AssertionError: expected [true] but found [false]
at com.paraBanking.TestLayer.TC_01_PB_Registration.ValidData(TC_01_PB_Registration.java:61)
at java.base/java.util.ArrayList.forEach(ArrayList.java:1511)
at java.base/java.util.concurrent.FutureTask.run(FutureTask.java:264)
at java.base/java.util.concurrent.ThreadPoolExecutor.runWorker(ThreadPoolExecutor.java:1136)
at java.base/java.util.concurrent.ThreadPoolExecutor$Worker.run(ThreadPoolExecutor.java:635)
at java.base/java.lang.Thread.run(Thread.java:833)
... Removed 19 stack frames]]>
    </failure>
  </testcase> <!-- ValidData -->
  <testcase classname="com.paraBanking.TestLayer.TC_01_PB_Registration" name="VTittle" time="0.0">
    <ignored/>
  </testcase> <!-- VTittle -->
  <testcase classname="com.paraBanking.TestLayer.TC_01_PB_Registration" name="FnameCanotNumber" time="0.0">
    <ignored/>
  </testcase> <!-- FnameCanotNumber -->
</testsuite> <!-- testNG -->
